This file contains any messages produced by compilers while
running configure, to aid debugging if configure makes a mistake.

It was created by configure, which was
generated by GNU Autoconf 2.68.  Invocation command line was

  $ ./configure 

## --------- ##
## Platform. ##
## --------- ##

hostname = www1269uf
uname -m = x86_64
uname -r = 3.2.0-30-generic
uname -s = Linux
uname -v = #48-Ubuntu SMP Fri Aug 24 16:52:48 UTC 2012

/usr/bin/uname -p = unknown
/bin/uname -X     = unknown

/bin/arch              = unknown
/usr/bin/arch -k       = unknown
/usr/convex/getsysinfo = unknown
/usr/bin/hostinfo      = unknown
/bin/machine           = unknown
/usr/bin/oslevel       = unknown
/bin/universe          = unknown

PATH: ~/bin
PATH: /usr/local/heroku/bin
PATH: /home/kitamura/.rbenv/shims
PATH: /home/kitamura/.rbenv/bin
PATH: ~/bin
PATH: /usr/local/heroku/bin
PATH: /home/kitamura/.rbenv/shims
PATH: /home/kitamura/.rbenv/bin
PATH: /usr/local/sbin
PATH: /usr/local/bin
PATH: /usr/sbin
PATH: /usr/bin
PATH: /sbin
PATH: /bin
PATH: /usr/games


## ----------- ##
## Core tests. ##
## ----------- ##

configure:1753: checking for a BSD-compatible install
configure:1821: result: /usr/bin/install -c
configure:1832: checking whether build environment is sane
configure:1869: result: yes
configure:1931: checking for gawk
configure:1961: result: no
configure:1931: checking for mawk
configure:1947: found /usr/bin/mawk
configure:1958: result: mawk
configure:1969: checking whether make sets $(MAKE)
configure:1991: result: yes
configure:2169: checking whether to enable maintainer-specific portions of Makefiles
configure:2178: result: no
configure:2203: checking for emacs
configure:2219: found /usr/bin/emacs
configure:2230: result: emacs
configure:2254: checking where .elc files should go
configure:2267: $EMACS -batch -q -eval '(while load-path (princ (concat (car load-path) "\n")) (setq load-path (cdr load-path)))' </dev/null >conftest.out
configure:2270: $? = 0
configure:2283: result: ${datadir}/emacs/site-lisp
configure:2292: checking detecting your emacs type
configure:2309: result: emacs21
configure:2374: checking where icon files should go
configure:2405: result: /home/kitamura/share/emacs/24.3/etc/navi2ch/icons
configure:2571: creating ./config.status

## ---------------------- ##
## Running config.status. ##
## ---------------------- ##

This file was extended by config.status, which was
generated by GNU Autoconf 2.68.  Invocation command line was

  CONFIG_FILES    = 
  CONFIG_HEADERS  = 
  CONFIG_LINKS    = 
  CONFIG_COMMANDS = 
  $ ./config.status 

on www1269uf

config.status:759: creating Makefile
config.status:759: creating contrib/Makefile
config.status:759: creating doc/Makefile
config.status:759: creating icons/Makefile
config.status:759: creating navi2ch-config.el

## ---------------- ##
## Cache variables. ##
## ---------------- ##

_cv_icondir=/home/kitamura/share/emacs/24.3/etc/navi2ch/icons
ac_cv_env_EMACSLOADPATH_set=
ac_cv_env_EMACSLOADPATH_value=
ac_cv_env_EMACS_set=
ac_cv_env_EMACS_value=
ac_cv_env_build_alias_set=
ac_cv_env_build_alias_value=
ac_cv_env_host_alias_set=
ac_cv_env_host_alias_value=
ac_cv_env_target_alias_set=
ac_cv_env_target_alias_value=
ac_cv_path_install='/usr/bin/install -c'
ac_cv_prog_AWK=mawk
ac_cv_prog_EMACS=emacs
ac_cv_prog_make_make_set=yes
am_cv_lispdir='${datadir}/emacs/site-lisp'

## ----------------- ##
## Output variables. ##
## ----------------- ##

ACLOCAL='${SHELL} /home/kitamura/tmp/navi2ch-1.8.4/missing --run aclocal-1.9'
AMTAR='${SHELL} /home/kitamura/tmp/navi2ch-1.8.4/missing --run tar'
AUTOCONF='${SHELL} /home/kitamura/tmp/navi2ch-1.8.4/missing --run autoconf'
AUTOHEADER='${SHELL} /home/kitamura/tmp/navi2ch-1.8.4/missing --run autoheader'
AUTOMAKE='${SHELL} /home/kitamura/tmp/navi2ch-1.8.4/missing --run automake-1.9'
AWK='mawk'
CYGPATH_W='echo'
DEFS='-DPACKAGE_NAME=\"\" -DPACKAGE_TARNAME=\"\" -DPACKAGE_VERSION=\"\" -DPACKAGE_STRING=\"\" -DPACKAGE_BUGREPORT=\"\" -DPACKAGE_URL=\"\" -DPACKAGE=\"navi2ch\" -DVERSION=\"1.8.4\"'
ECHO_C=''
ECHO_N='-n'
ECHO_T=''
EMACS='emacs'
EMACSLOADPATH=''
INSTALL_DATA='${INSTALL} -m 644'
INSTALL_PROGRAM='${INSTALL}'
INSTALL_SCRIPT='${INSTALL}'
INSTALL_STRIP_PROGRAM='${SHELL} $(install_sh) -c -s'
LIBOBJS=''
LIBS=''
LTLIBOBJS=''
MAINT='#'
MAINTAINER_MODE_FALSE=''
MAINTAINER_MODE_TRUE='#'
MAKEINFO='${SHELL} /home/kitamura/tmp/navi2ch-1.8.4/missing --run makeinfo'
PACKAGE='navi2ch'
PACKAGE_BUGREPORT=''
PACKAGE_NAME=''
PACKAGE_STRING=''
PACKAGE_TARNAME=''
PACKAGE_URL=''
PACKAGE_VERSION=''
PATH_SEPARATOR=':'
SET_MAKE=''
SHELL='/bin/bash'
STRIP=''
VERSION='1.8.4'
am__leading_dot='.'
am__tar='${AMTAR} chof - "$$tardir"'
am__untar='${AMTAR} xf -'
bindir='${exec_prefix}/bin'
build_alias=''
datadir='${datarootdir}'
datarootdir='${prefix}/share'
docdir='${datarootdir}/doc/${PACKAGE}'
dvidir='${docdir}'
exec_prefix='${prefix}'
host_alias=''
htmldir='${docdir}'
icondir='/home/kitamura/share/emacs/24.3/etc/navi2ch/icons'
includedir='${prefix}/include'
infodir='${datarootdir}/info'
install_sh='/home/kitamura/tmp/navi2ch-1.8.4/install-sh'
libdir='${exec_prefix}/lib'
libexecdir='${exec_prefix}/libexec'
lispdir='${datadir}/emacs/site-lisp'
localedir='${datarootdir}/locale'
localstatedir='${prefix}/var'
mandir='${datarootdir}/man'
mkdir_p='mkdir -p --'
oldincludedir='/usr/include'
packagedir=''
pdfdir='${docdir}'
prefix='/usr/local'
program_transform_name='s,x,x,'
psdir='${docdir}'
sbindir='${exec_prefix}/sbin'
sharedstatedir='${prefix}/com'
sysconfdir='${prefix}/etc'
target_alias=''

## ----------- ##
## confdefs.h. ##
## ----------- ##

/* confdefs.h */
#define PACKAGE_NAME ""
#define PACKAGE_TARNAME ""
#define PACKAGE_VERSION ""
#define PACKAGE_STRING ""
#define PACKAGE_BUGREPORT ""
#define PACKAGE_URL ""
#define PACKAGE "navi2ch"
#define VERSION "1.8.4"

configure: exit 0
